#
# A fatal error has been detected by the Java Runtime Environment:
#
#  EXCEPTION_ACCESS_VIOLATION (0xc0000005) at pc=0x704add39, pid=19060, tid=480
#
# JRE version: Java(TM) SE Runtime Environment (7.0_71-b14) (build 1.7.0_71-b14)
# Java VM: Java HotSpot(TM) Client VM (24.71-b01 mixed mode windows-x86 )
# Problematic frame:
# C  [jcef.dll+0xdd39]
#
# Failed to write core dump. Minidumps are not enabled by default on client versions of Windows
#
# If you would like to submit a bug report, please visit:
#   http://bugreport.sun.com/bugreport/crash.jsp
#

---------------  T H R E A D  ---------------

Current thread (0x28e8f000):  VMThread [stack: 0x2a2e0000,0x2a3e0000] [id=480]

siginfo: ExceptionCode=0xc0000005, reading address 0x00000058

Registers:
EAX=0x28e8f130, EBX=0x70508678, ECX=0x00000000, EDX=0x2a88f4e0
ESP=0x2a3df548, EBP=0x2a3df560, ESI=0x35cd04ec, EDI=0x35be92d4
EIP=0x704add39, EFLAGS=0x00010206

Top of Stack: (sp=0x2a3df548)
0x2a3df548:   28e8f130 2a88f4e0 35be92d4 35cd04a0
0x2a3df558:   28e8f130 013074a0 2a3df570 704ae190
0x2a3df568:   35be92d4 35cda248 2a3df58c 704addcc
0x2a3df578:   00000001 704d7e17 35be92c0 704d7492
0x2a3df588:   00000000 2a3df5ac 55208e54 35cda24c
0x2a3df598:   35b71680 35b71680 55242300 35cd767c
0x2a3df5a8:   35bc1de0 2a3df5b8 55242adb 35ba4000
0x2a3df5b8:   2a3df5d4 552487e8 00000001 55209756 

Instructions: (pc=0x704add39)
0x704add19:   00 00 c6 45 ff 00 e8 dc 55 ff ff 83 c4 08 85 c0
0x704add29:   75 1f 8b 45 f8 85 c0 74 18 8b 56 bc 8b 08 52 50
0x704add39:   8b 41 58 ff d0 8d 4d ff 51 e8 09 56 ff ff 83 c4
0x704add49:   04 8d 4e e0 e8 1e 08 02 00 8b 46 d4 8b 08 50 51 


Register to memory mapping:

EAX=
[error occurred during error reporting (printing register info), id 0xc0000005]

Stack: [0x2a2e0000,0x2a3e0000],  sp=0x2a3df548,  free space=1021k
Native frames: (J=compiled Java code, j=interpreted, Vv=VM code, C=native code)
C  [jcef.dll+0xdd39]
C  [jcef.dll+0xe190]
C  [jcef.dll+0xddcc]
C  [libcef.dll+0x48e54]
C  [libcef.dll+0x82adb]
C  [libcef.dll+0x887e8]
C  [jcef.dll+0x35e16]
C  [jcef.dll+0x27813]
C  [jcef.dll+0x5622b]
C  [jcef.dll+0x4825a]
C  [jcef.dll+0x4832d]
C  [jcef.dll+0x44c86]
C  [jcef.dll+0x44cf1]
C  [ntdll.dll+0x497de]
C  [ntdll.dll+0x49758]
C  [ntdll.dll+0x6cd68]
C  [ntdll.dll+0x6ce11]
C  [KERNEL32.DLL+0x29863]
C  [MSVCR100.dll+0x27997]
C  [MSVCR100.dll+0x27ab0]
C  [MSVCR100.dll+0x27b1d]
V  [jvm.dll+0x140952]
V  [jvm.dll+0x16909d]
V  [jvm.dll+0x1684b1]
V  [jvm.dll+0x1688c7]
V  [jvm.dll+0x168ac2]
V  [jvm.dll+0x1a80f9]
C  [MSVCR100.dll+0x5c556]
C  [MSVCR100.dll+0x5c600]
C  [KERNEL32.DLL+0x17c04]
C  [ntdll.dll+0x5ad1f]
C  [ntdll.dll+0x5acea]

VM_Operation (0x0018fac0): Exit, mode: safepoint, requested by thread 0x003bbc00


---------------  P R O C E S S  ---------------

Java Threads: ( => current thread )
  0x2f2af400 JavaThread "AWT-EventQueue-0" [_thread_blocked, id=4100, stack(0x395c0000,0x396c0000)]
  0x2f2b2c00 JavaThread "AWT-Shutdown" [_thread_blocked, id=18604, stack(0x34e10000,0x34f10000)]
  0x2f2af000 JavaThread "Worker-16" [_thread_blocked, id=16600, stack(0x34a90000,0x34b90000)]
  0x2f2b2800 JavaThread "Worker-15" [_thread_blocked, id=14104, stack(0x31400000,0x31500000)]
  0x2f2b1c00 JavaThread "Worker-14" [_thread_blocked, id=17500, stack(0x2e7c0000,0x2e8c0000)]
  0x2f2b1000 JavaThread "Worker-13" [_thread_blocked, id=12672, stack(0x31600000,0x31700000)]
  0x2f2b1400 JavaThread "Worker-12" [_thread_blocked, id=19080, stack(0x31200000,0x31300000)]
  0x2f2ae800 JavaThread "Worker-11" [_thread_blocked, id=236, stack(0x31300000,0x31400000)]
  0x2a880400 JavaThread "Thread-37" daemon [_thread_in_native, id=14392, stack(0x37c20000,0x37d20000)]
  0x2c201c00 JavaThread "Thread-35" daemon [_thread_in_native, id=17540, stack(0x36e90000,0x36f90000)]
  0x2c200400 JavaThread "TimerQueue" daemon [_thread_blocked, id=1712, stack(0x39340000,0x39440000)]
  0x2c201000 JavaThread "Java2D Disposer" daemon [_thread_blocked, id=8812, stack(0x2d130000,0x2d230000)]
  0x2c1fb800 JavaThread "Worker-10" [_thread_blocked, id=3920, stack(0x2cfb0000,0x2d0b0000)]
  0x2c1ff000 JavaThread "Worker-9" [_thread_blocked, id=10912, stack(0x34c10000,0x34d10000)]
  0x2c1fe400 JavaThread "Worker-8" [_thread_blocked, id=13748, stack(0x34990000,0x34a90000)]
  0x2c1fe800 JavaThread "Worker-7" [_thread_blocked, id=16136, stack(0x324c0000,0x325c0000)]
  0x2c1fa400 JavaThread "Worker-6" [_thread_blocked, id=13044, stack(0x32380000,0x32480000)]
  0x2c1fcc00 JavaThread "Bundle File Closer" daemon [_thread_blocked, id=15008, stack(0x31f20000,0x32020000)]
  0x2c1fc400 JavaThread "Worker-5" [_thread_blocked, id=15524, stack(0x343c0000,0x344c0000)]
  0x2c1fd800 JavaThread "Worker-4" [_thread_blocked, id=8820, stack(0x342c0000,0x343c0000)]
  0x2c1fac00 JavaThread "Pool C:\Users\susan_000\AppData\Roaming\CooCox\CoIDE\repo\CODB_SIMPLIFY.FDB idleRemover" daemon [_thread_blocked, id=3748, stack(0x33cf0000,0x33df0000)]
  0x2c1fd000 JavaThread "Worker-3" [_thread_blocked, id=6216, stack(0x2eb30000,0x2ec30000)]
  0x2a883000 JavaThread "Worker-2" [_thread_blocked, id=9036, stack(0x2e9f0000,0x2eaf0000)]
  0x2a882000 JavaThread "Worker-1" [_thread_blocked, id=6432, stack(0x2e1f0000,0x2e2f0000)]
  0x2a880c00 JavaThread "Worker-0" [_thread_blocked, id=9548, stack(0x2c910000,0x2ca10000)]
  0x2a881800 JavaThread "Worker-JM" [_thread_blocked, id=12040, stack(0x2ba30000,0x2bb30000)]
  0x2a882c00 JavaThread "Framework Event Dispatcher" daemon [_thread_blocked, id=6644, stack(0x2b800000,0x2b900000)]
  0x2a880000 JavaThread "Start Level Event Dispatcher" daemon [_thread_blocked, id=19132, stack(0x2b6c0000,0x2b7c0000)]
  0x2a883800 JavaThread "State Data Manager" daemon [_thread_blocked, id=15128, stack(0x2b580000,0x2b680000)]
  0x2a882400 JavaThread "Framework Active Thread" [_thread_blocked, id=18708, stack(0x2b440000,0x2b540000)]
  0x2a673c00 JavaThread "Service Thread" daemon [_thread_blocked, id=18148, stack(0x2afa0000,0x2b0a0000)]
  0x2a671000 JavaThread "C1 CompilerThread0" daemon [_thread_blocked, id=8420, stack(0x2ae60000,0x2af60000)]
  0x2a670800 JavaThread "Attach Listener" daemon [_thread_blocked, id=18892, stack(0x2ad20000,0x2ae20000)]
  0x2a670400 JavaThread "Signal Dispatcher" daemon [_thread_blocked, id=188, stack(0x2abe0000,0x2ace0000)]
  0x28e97800 JavaThread "Surrogate Locker Thread (Concurrent GC)" daemon [_thread_blocked, id=17144, stack(0x2aaa0000,0x2aba0000)]
  0x28e96c00 JavaThread "Finalizer" daemon [_thread_blocked, id=8068, stack(0x2a560000,0x2a660000)]
  0x28e92c00 JavaThread "Reference Handler" daemon [_thread_blocked, id=19436, stack(0x2a420000,0x2a520000)]
  0x003bbc00 JavaThread "main" [_thread_blocked, id=15968, stack(0x00090000,0x00190000)]

Other Threads:
=>0x28e8f000 VMThread [stack: 0x2a2e0000,0x2a3e0000] [id=480]

VM state:at safepoint (shutting down)

VM Mutex/Monitor currently owned by a thread:  ([mutex/lock_event])
[0x003ba468] Threads_lock - owner thread: 0x28e8f000

Heap
 par new generation   total 29184K, used 733K [0x04c00000, 0x06ba0000, 0x0f6a0000)
  eden space 25984K,   2% used [0x04c00000, 0x04cb7480, 0x06560000)
  from space 3200K,   0% used [0x06880000, 0x06880000, 0x06ba0000)
  to   space 3200K,   0% used [0x06560000, 0x06560000, 0x06880000)
 concurrent mark-sweep generation total 64468K, used 25439K [0x0f6a0000, 0x13595000, 0x24c00000)
 concurrent-mark-sweep perm gen total 65536K, used 65528K [0x24c00000, 0x28c00000, 0x28c00000)

Card table byte_map: [0x04a30000,0x04b60000] byte_map_base: 0x04a0a000

Polling page: 0x002d0000

Code Cache  [0x021f0000, 0x02f18000, 0x041f0000)
 total_blobs=6380 nmethods=6115 adapters=196 free_code_cache=19324Kb largest_free_block=19782400

Compilation events (10 events):
Event: 441.294 Thread 0x2a671000 6236             org.eclipse.ui.internal.handlers.HandlerActivation::setReference (6 bytes)
Event: 441.294 Thread 0x2a671000 nmethod 6236 0x02f10cc8 code [0x02f10dc0, 0x02f10e50]
Event: 441.294 Thread 0x2a671000 6237             org.eclipse.ui.internal.handlers.HandlerActivation::setListener (6 bytes)
Event: 441.294 Thread 0x2a671000 nmethod 6237 0x02f10e88 code [0x02f10f80, 0x02f11010]
Event: 441.294 Thread 0x2a671000 6238             org.eclipse.ui.internal.services.EvaluationAuthority::getNames (74 bytes)
Event: 441.295 Thread 0x2a671000 nmethod 6238 0x02f11048 code [0x02f111e0, 0x02f116ec]
Event: 441.309 Thread 0x2a671000 6239             java.lang.Integer::toUnsignedString (55 bytes)
Event: 441.309 Thread 0x2a671000 nmethod 6239 0x02f11c08 code [0x02f11d20, 0x02f11f0c]
Event: 441.333 Thread 0x2a671000 6240             org.eclipse.core.commands.AbstractHandler::fireHandlerChanged (48 bytes)
Event: 441.333 Thread 0x2a671000 nmethod 6240 0x02f12088 code [0x02f121c0, 0x02f12384]

GC Heap History (10 events):
Event: 441.352 GC heap before
{Heap before GC invocations=155 (full 63):
 par new generation   total 29184K, used 14982K [0x04c00000, 0x06ba0000, 0x0f6a0000)
  eden space 25984K,  45% used [0x04c00000, 0x05781830, 0x06560000)
  from space 3200K, 100% used [0x06880000, 0x06ba0000, 0x06ba0000)
  to   space 3200K,   0% used [0x06560000, 0x06560000, 0x06880000)
 concurrent mark-sweep generation total 64468K, used 31916K [0x0f6a0000, 0x13595000, 0x24c00000)
 concurrent-mark-sweep perm gen total 65536K, used 65535K [0x24c00000, 0x28c00000, 0x28c00000)
Event: 441.567 GC heap after
Heap after GC invocations=156 (full 64):
 par new generation   total 29184K, used 0K [0x04c00000, 0x06ba0000, 0x0f6a0000)
  eden space 25984K,   0% used [0x04c00000, 0x04c00000, 0x06560000)
  from space 3200K,   0% used [0x06880000, 0x06880000, 0x06ba0000)
  to   space 3200K,   0% used [0x06560000, 0x06560000, 0x06880000)
 concurrent mark-sweep generation total 64468K, used 26630K [0x0f6a0000, 0x13595000, 0x24c00000)
 concurrent-mark-sweep perm gen total 65536K, used 65535K [0x24c00000, 0x28c00000, 0x28c00000)
}
Event: 441.567 GC heap before
{Heap before GC invocations=156 (full 64):
 par new generation   total 29184K, used 0K [0x04c00000, 0x06ba0000, 0x0f6a0000)
  eden space 25984K,   0% used [0x04c00000, 0x04c00000, 0x06560000)
  from space 3200K,   0% used [0x06880000, 0x06880000, 0x06ba0000)
  to   space 3200K,   0% used [0x06560000, 0x06560000, 0x06880000)
 concurrent mark-sweep generation total 64468K, used 26630K [0x0f6a0000, 0x13595000, 0x24c00000)
 concurrent-mark-sweep perm gen total 65536K, used 65535K [0x24c00000, 0x28c00000, 0x28c00000)
Event: 441.727 GC heap after
Heap after GC invocations=157 (full 65):
 par new generation   total 29184K, used 0K [0x04c00000, 0x06ba0000, 0x0f6a0000)
  eden space 25984K,   0% used [0x04c00000, 0x04c00000, 0x06560000)
  from space 3200K,   0% used [0x06880000, 0x06880000, 0x06ba0000)
  to   space 3200K,   0% used [0x06560000, 0x06560000, 0x06880000)
 concurrent mark-sweep generation total 64468K, used 25801K [0x0f6a0000, 0x13595000, 0x24c00000)
 concurrent-mark-sweep perm gen total 65536K, used 65532K [0x24c00000, 0x28c00000, 0x28c00000)
}
Event: 441.729 GC heap before
{Heap before GC invocations=157 (full 66):
 par new generation   total 29184K, used 2K [0x04c00000, 0x06ba0000, 0x0f6a0000)
  eden space 25984K,   0% used [0x04c00000, 0x04c00800, 0x06560000)
  from space 3200K,   0% used [0x06880000, 0x06880000, 0x06ba0000)
  to   space 3200K,   0% used [0x06560000, 0x06560000, 0x06880000)
 concurrent mark-sweep generation total 64468K, used 25801K [0x0f6a0000, 0x13595000, 0x24c00000)
 concurrent-mark-sweep perm gen total 65536K, used 65535K [0x24c00000, 0x28c00000, 0x28c00000)
Event: 441.940 GC heap after
Heap after GC invocations=158 (full 67):
 par new generation   total 29184K, used 0K [0x04c00000, 0x06ba0000, 0x0f6a0000)
  eden space 25984K,   0% used [0x04c00000, 0x04c00000, 0x06560000)
  from space 3200K,   0% used [0x06880000, 0x06880000, 0x06ba0000)
  to   space 3200K,   0% used [0x06560000, 0x06560000, 0x06880000)
 concurrent mark-sweep generation total 64468K, used 25800K [0x0f6a0000, 0x13595000, 0x24c00000)
 concurrent-mark-sweep perm gen total 65536K, used 65535K [0x24c00000, 0x28c00000, 0x28c00000)
}
Event: 441.940 GC heap before
{Heap before GC invocations=158 (full 67):
 par new generation   total 29184K, used 15K [0x04c00000, 0x06ba0000, 0x0f6a0000)
  eden space 25984K,   0% used [0x04c00000, 0x04c03cb8, 0x06560000)
  from space 3200K,   0% used [0x06880000, 0x06880000, 0x06ba0000)
  to   space 3200K,   0% used [0x06560000, 0x06560000, 0x06880000)
 concurrent mark-sweep generation total 64468K, used 25800K [0x0f6a0000, 0x13595000, 0x24c00000)
 concurrent-mark-sweep perm gen total 65536K, used 65535K [0x24c00000, 0x28c00000, 0x28c00000)
Event: 442.093 GC heap after
Heap after GC invocations=159 (full 68):
 par new generation   total 29184K, used 0K [0x04c00000, 0x06ba0000, 0x0f6a0000)
  eden space 25984K,   0% used [0x04c00000, 0x04c00000, 0x06560000)
  from space 3200K,   0% used [0x06880000, 0x06880000, 0x06ba0000)
  to   space 3200K,   0% used [0x06560000, 0x06560000, 0x06880000)
 concurrent mark-sweep generation total 64468K, used 25800K [0x0f6a0000, 0x13595000, 0x24c00000)
 concurrent-mark-sweep perm gen total 65536K, used 65535K [0x24c00000, 0x28c00000, 0x28c00000)
}
Event: 442.096 GC heap before
{Heap before GC invocations=159 (full 69):
 par new generation   total 29184K, used 515K [0x04c00000, 0x06ba0000, 0x0f6a0000)
  eden space 25984K,   1% used [0x04c00000, 0x04c80f30, 0x06560000)
  from space 3200K,   0% used [0x06880000, 0x06880000, 0x06ba0000)
  to   space 3200K,   0% used [0x06560000, 0x06560000, 0x06880000)
 concurrent mark-sweep generation total 64468K, used 25800K [0x0f6a0000, 0x13595000, 0x24c00000)
 concurrent-mark-sweep perm gen total 65536K, used 65535K [0x24c00000, 0x28c00000, 0x28c00000)
Event: 442.293 GC heap after
Heap after GC invocations=160 (full 70):
 par new generation   total 29184K, used 0K [0x04c00000, 0x06ba0000, 0x0f6a0000)
  eden space 25984K,   0% used [0x04c00000, 0x04c00000, 0x06560000)
  from space 3200K,   0% used [0x06880000, 0x06880000, 0x06ba0000)
  to   space 3200K,   0% used [0x06560000, 0x06560000, 0x06880000)
 concurrent mark-sweep generation total 64468K, used 25439K [0x0f6a0000, 0x13595000, 0x24c00000)
 concurrent-mark-sweep perm gen total 65536K, used 65523K [0x24c00000, 0x28c00000, 0x28c00000)
}

Deoptimization events (0 events):
No events

Internal exceptions (10 events):
Event: 440.668 Thread 0x2f2af400 Threw 0x0527bba8 at C:\re\jdk7u71\1605\hotspot\src\share\vm\prims\jni.cpp:717
Event: 440.668 Thread 0x2f2af400 Threw 0x0527bd10 at C:\re\jdk7u71\1605\hotspot\src\share\vm\prims\jni.cpp:717
Event: 440.668 Thread 0x2f2af400 Threw 0x0527bf58 at C:\re\jdk7u71\1605\hotspot\src\share\vm\prims\jni.cpp:717
Event: 440.668 Thread 0x2f2af400 Threw 0x0527c0f0 at C:\re\jdk7u71\1605\hotspot\src\share\vm\prims\jni.cpp:717
Event: 440.668 Thread 0x2f2af400 Threw 0x0527c258 at C:\re\jdk7u71\1605\hotspot\src\share\vm\prims\jni.cpp:717
Event: 441.348 Thread 0x003bbc00 Threw 0x056b7e58 at C:\re\jdk7u71\1605\hotspot\src\share\vm\prims\jvm.cpp:1281
Event: 441.350 Thread 0x003bbc00 Threw 0x0577a6c0 at C:\re\jdk7u71\1605\hotspot\src\share\vm\prims\jvm.cpp:1281
Event: 442.093 Thread 0x003bbc00 Threw 0x24c6c6e0 at C:\re\jdk7u71\1605\hotspot\src\share\vm\gc_interface/collectedHeap.inline.hpp:225
Event: 442.095 Thread 0x003bbc00 Threw 0x24c6c6e0 at C:\re\jdk7u71\1605\hotspot\src\share\vm\prims\jvm.cpp:1285
Event: 442.095 Thread 0x003bbc00 Threw 0x04c011a0 at C:\re\jdk7u71\1605\hotspot\src\share\vm\prims\jvm.cpp:1281

Events (10 events):
Event: 442.095 loading class 0x2a74ac68
Event: 442.095 loading class 0x2a74ac68 done
Event: 442.095 Executing VM operation: GenCollectForPermanentAllocation
Event: 442.293 Executing VM operation: GenCollectForPermanentAllocation done
Event: 442.296 Thread 0x2f2b2000 Thread added: 0x2f2b2000
Event: 442.296 Thread 0x2f2b0800 Thread added: 0x2f2b0800
Event: 442.296 Thread 0x2f2b2000 Thread exited: 0x2f2b2000
Event: 442.298 Thread 0x2c200800 Thread exited: 0x2c200800
Event: 442.397 Thread 0x2f2b0800 Thread exited: 0x2f2b0800
Event: 442.399 Executing VM operation: Exit


Dynamic libraries:
0x00400000 - 0x0040d000 	C:\CooCox\CoIDE_V2Beta\CoIDE.exe
0x77270000 - 0x773de000 	C:\Windows\SYSTEM32\ntdll.dll
0x74a90000 - 0x74bd0000 	C:\Windows\SYSTEM32\KERNEL32.DLL
0x750c0000 - 0x75197000 	C:\Windows\SYSTEM32\KERNELBASE.dll
0x74d60000 - 0x74eb3000 	C:\Windows\SYSTEM32\USER32.dll
0x72730000 - 0x727b9000 	C:\Windows\WinSxS\x86_microsoft.windows.common-controls_6595b64144ccf1df_5.82.9600.17810_none_7c5b6194aa0716f1\COMCTL32.dll
0x74ec0000 - 0x74f83000 	C:\Windows\SYSTEM32\MSVCRT.dll
0x74bd0000 - 0x74cde000 	C:\Windows\SYSTEM32\GDI32.dll
0x74ce0000 - 0x74d5c000 	C:\Windows\SYSTEM32\ADVAPI32.dll
0x75060000 - 0x750a1000 	C:\Windows\SYSTEM32\sechost.dll
0x74fa0000 - 0x7505a000 	C:\Windows\SYSTEM32\RPCRT4.dll
0x74a70000 - 0x74a8e000 	C:\Windows\SYSTEM32\SspiCli.dll
0x74a60000 - 0x74a6a000 	C:\Windows\SYSTEM32\CRYPTBASE.dll
0x74a00000 - 0x74a54000 	C:\Windows\SYSTEM32\bcryptPrimitives.dll
0x76fd0000 - 0x76ff7000 	C:\Windows\system32\IMM32.DLL
0x76eb0000 - 0x76fc2000 	C:\Windows\SYSTEM32\MSCTF.dll
0x72000000 - 0x7200d000 	C:\CooCox\CoIDE_V2Beta\plugins\org.eclipse.equinox.launcher.win32.win32.x86_1.1.100.v20110502\eclipse_1406.dll
0x749f0000 - 0x749f8000 	C:\Windows\SYSTEM32\VERSION.dll
0x70cb0000 - 0x71039000 	C:\CooCox\CoIDE_V2Beta\jre\bin\client\jvm.dll
0x6a250000 - 0x6a258000 	C:\Windows\SYSTEM32\WSOCK32.dll
0x74510000 - 0x74533000 	C:\Windows\SYSTEM32\WINMM.dll
0x750b0000 - 0x750b6000 	C:\Windows\SYSTEM32\PSAPI.DLL
0x6a5a0000 - 0x6a65f000 	C:\Windows\SYSTEM32\MSVCR100.dll
0x76aa0000 - 0x76af0000 	C:\Windows\SYSTEM32\WS2_32.dll
0x744e0000 - 0x74503000 	C:\Windows\SYSTEM32\WINMMBASE.dll
0x77020000 - 0x77027000 	C:\Windows\SYSTEM32\NSI.dll
0x751a0000 - 0x751dc000 	C:\Windows\SYSTEM32\cfgmgr32.dll
0x744b0000 - 0x744d1000 	C:\Windows\SYSTEM32\DEVOBJ.dll
0x72960000 - 0x7296c000 	C:\CooCox\CoIDE_V2Beta\jre\bin\verify.dll
0x72710000 - 0x72730000 	C:\CooCox\CoIDE_V2Beta\jre\bin\java.dll
0x726f0000 - 0x72703000 	C:\CooCox\CoIDE_V2Beta\jre\bin\zip.dll
0x73fa0000 - 0x73fb9000 	C:\Windows\SYSTEM32\CRYPTSP.dll
0x74030000 - 0x74060000 	C:\Windows\system32\rsaenh.dll
0x74010000 - 0x7402e000 	C:\Windows\SYSTEM32\bcrypt.dll
0x749c0000 - 0x749db000 	C:\Windows\SYSTEM32\USERENV.dll
0x749b0000 - 0x749bf000 	C:\Windows\SYSTEM32\profapi.dll
0x726d0000 - 0x726e4000 	C:\CooCox\CoIDE_V2Beta\jre\bin\net.dll
0x73db0000 - 0x73dfb000 	C:\Windows\system32\mswsock.dll
0x74710000 - 0x74730000 	C:\Windows\SYSTEM32\IPHLPAPI.DLL
0x74700000 - 0x74708000 	C:\Windows\SYSTEM32\WINNSI.DLL
0x73fe0000 - 0x73ff3000 	C:\Windows\SYSTEM32\dhcpcsvc6.DLL
0x74460000 - 0x74474000 	C:\Windows\SYSTEM32\dhcpcsvc.DLL
0x72950000 - 0x7295f000 	C:\CooCox\CoIDE_V2Beta\jre\bin\nio.dll
0x727d0000 - 0x728bd000 	C:\Windows\system32\uxtheme.dll
0x76d30000 - 0x76ead000 	C:\Windows\SYSTEM32\combase.dll
0x77030000 - 0x77158000 	C:\Windows\system32\ole32.dll
0x743b0000 - 0x743b9000 	C:\Windows\SYSTEM32\kernel.appcore.dll
0x724f0000 - 0x72501000 	C:\Windows\system32\napinsp.dll
0x71c60000 - 0x71c76000 	C:\Windows\system32\pnrpnsp.dll
0x71c40000 - 0x71c54000 	C:\Windows\system32\NLAapi.dll
0x74060000 - 0x740de000 	C:\Windows\SYSTEM32\DNSAPI.dll
0x724e0000 - 0x724ea000 	C:\Windows\System32\winrnr.dll
0x72380000 - 0x72390000 	C:\Windows\system32\wshbth.dll
0x724d0000 - 0x724d8000 	C:\Windows\System32\rasadhlp.dll
0x71bf0000 - 0x71c36000 	C:\Windows\System32\fwpuclnt.dll
0x2c330000 - 0x2c39e000 	C:\CooCox\CoIDE_V2Beta\configuration\org.eclipse.osgi\bundles\111\1\.cp\swt-win32-3740.dll
0x76c00000 - 0x76c95000 	C:\Windows\SYSTEM32\OLEAUT32.dll
0x76af0000 - 0x76b8b000 	C:\Windows\SYSTEM32\comdlg32.dll
0x72ad0000 - 0x72b35000 	C:\Windows\SYSTEM32\WINSPOOL.DRV
0x719e0000 - 0x71be6000 	C:\Windows\WinSxS\x86_microsoft.windows.common-controls_6595b64144ccf1df_6.0.9600.17810_none_a9edf09f013934e0\COMCTL32.dll
0x753a0000 - 0x7664c000 	C:\Windows\SYSTEM32\SHELL32.dll
0x72660000 - 0x72676000 	C:\Windows\SYSTEM32\USP10.dll
0x72da0000 - 0x72f84000 	C:\Windows\SYSTEM32\WININET.dll
0x76660000 - 0x767e8000 	C:\Windows\SYSTEM32\CRYPT32.dll
0x76a50000 - 0x76a95000 	C:\Windows\SYSTEM32\SHLWAPI.dll
0x73060000 - 0x73292000 	C:\Windows\SYSTEM32\iertutil.dll
0x76650000 - 0x7665e000 	C:\Windows\SYSTEM32\MSASN1.dll
0x747c0000 - 0x7484b000 	C:\Windows\SYSTEM32\SHCORE.DLL
0x72970000 - 0x7298a000 	C:\Windows\system32\dwmapi.dll
0x74140000 - 0x7427a000 	C:\Windows\SYSTEM32\propsys.dll
0x76ca0000 - 0x76d2d000 	C:\Windows\SYSTEM32\clbcatq.dll
0x2c4e0000 - 0x2c4fd000 	C:\CooCox\CoIDE_V2Beta\configuration\org.eclipse.osgi\bundles\111\1\.cp\swt-gdip-win32-3740.dll
0x73620000 - 0x73790000 	C:\Windows\WinSxS\x86_microsoft.windows.gdiplus_6595b64144ccf1df_1.1.9600.17415_none_dad8722c5bcc2d8f\gdiplus.dll
0x69c50000 - 0x69dbb000 	C:\Windows\SYSTEM32\WindowsCodecs.dll
0x72a80000 - 0x72ad0000 	C:\Windows\SYSTEM32\oleacc.dll
0x73fc0000 - 0x73fc6000 	C:\Windows\SYSTEM32\msimg32.dll
0x719a0000 - 0x719d3000 	C:\Windows\system32\mlang.dll
0x68640000 - 0x69282000 	C:\Windows\SYSTEM32\ieframe.dll
0x738e0000 - 0x73a2a000 	C:\Windows\SYSTEM32\urlmon.dll
0x69af0000 - 0x69b6e000 	C:\Windows\SYSTEM32\sxs.dll
0x729c0000 - 0x72a60000 	C:\Windows\SYSTEM32\apphelp.dll
0x59790000 - 0x5aa4c000 	C:\Windows\SYSTEM32\mshtml.dll
0x743e0000 - 0x743ea000 	C:\Windows\SYSTEM32\Secur32.dll
0x726c0000 - 0x726ce000 	C:\Windows\system32\msimtf.dll
0x72520000 - 0x72560000 	C:\Windows\SYSTEM32\powrprof.dll
0x71ce0000 - 0x71d49000 	C:\Windows\SYSTEM32\dxgi.dll
0x6a3a0000 - 0x6a3aa000 	C:\Windows\SYSTEM32\ondemandconnroutehelper.dll
0x72c00000 - 0x72c9f000 	C:\Windows\SYSTEM32\winhttp.dll
0x70bb0000 - 0x70cad000 	C:\Windows\SYSTEM32\uiautomationcore.dll
0x6cb60000 - 0x6cf84000 	C:\Windows\SYSTEM32\jscript9.dll
0x655e0000 - 0x65613000 	C:\Windows\SYSTEM32\msls31.dll
0x6a140000 - 0x6a1c1000 	C:\Windows\SYSTEM32\DSOUND.dll
0x714c0000 - 0x7153f000 	C:\Windows\SYSTEM32\mscms.dll
0x726b0000 - 0x726bc000 	C:\Windows\SYSTEM32\atlthunk.dll
0x6b060000 - 0x6b446000 	C:\Windows\SYSTEM32\d2d1.dll
0x721a0000 - 0x72322000 	C:\Windows\SYSTEM32\DWrite.dll
0x6e000000 - 0x6e1d9000 	C:\Windows\SYSTEM32\d3d11.dll
0x582d0000 - 0x582fe000 	C:\Windows\SYSTEM32\XmlLite.dll
0x751e0000 - 0x75391000 	C:\Windows\SYSTEM32\SETUPAPI.dll
0x72630000 - 0x72655000 	C:\CooCox\CoIDE_V2Beta\jre\bin\jaybird22.dll
0x32fc0000 - 0x3336d000 	C:\CooCox\CoIDE_V2Beta\jre\bin\fbembed.dll
0x71900000 - 0x7199b000 	C:\Windows\WinSxS\x86_microsoft.vc80.crt_1fc8b3b9a1e18e3b_8.0.50727.8428_none_d08a11e2442dc25d\MSVCR80.dll
0x72410000 - 0x72426000 	C:\Windows\SYSTEM32\MPR.dll
0x4a800000 - 0x4a8a8000 	C:\CooCox\CoIDE_V2Beta\jre\bin\icuuc30.dll
0x4ad00000 - 0x4ae7f000 	C:\CooCox\CoIDE_V2Beta\jre\bin\icudt30.dll
0x32ef0000 - 0x32ef6000 	C:\CooCox\CoIDE_V2Beta\jre\bin\ib_util.dll
0x33370000 - 0x33453000 	C:\CooCox\CoIDE_V2Beta\jre\bin\intl\fbintl.DLL
0x73d80000 - 0x73da8000 	C:\Windows\SYSTEM32\ntmarta.dll
0x33ff0000 - 0x33ffe000 	C:\CooCox\CoIDE_V2Beta\configuration\org.eclipse.osgi\bundles\68\1\.cp\os\win32\x86\localfile_1_0_0.dll
0x6d7f0000 - 0x6d933000 	C:\CooCox\CoIDE_V2Beta\jre\bin\awt.dll
0x71740000 - 0x71779000 	C:\CooCox\CoIDE_V2Beta\jre\bin\fontmanager.dll
0x726a0000 - 0x726a6000 	C:\CooCox\CoIDE_V2Beta\jre\bin\jawt.dll
0x551c0000 - 0x578f4000 	C:\CooCox\CoIDE_V2Beta\bin\Release\libcef.dll
0x749e0000 - 0x749ef000 	C:\Windows\SYSTEM32\WTSAPI32.dll
0x704a0000 - 0x70513000 	C:\CooCox\CoIDE_V2Beta\bin\Release\jcef.dll
0x72560000 - 0x725c0000 	C:\Windows\system32\audioses.dll
0x72470000 - 0x724c3000 	C:\Windows\system32\MMDevAPI.DLL
0x77160000 - 0x7719d000 	C:\Windows\SYSTEM32\WINTRUST.dll
0x74540000 - 0x74585000 	C:\Windows\SYSTEM32\WINSTA.dll
0x6c640000 - 0x6c811000 	C:\Windows\SYSTEM32\msxml6.dll
0x6e7c0000 - 0x6e7cb000 	C:\CooCox\CoIDE_V2Beta\plugins\org.eclipse.cdt.core.win32.x86_5.2.0.201202111925\os\win32\x86\spawner.dll
0x73790000 - 0x738d1000 	C:\Windows\SYSTEM32\dbghelp.dll

VM Arguments:
jvm_args: -Dosgi.parentClassloader=ext --launcher.XXMaxPermSize 256M -vmargs -Xms60m -Xmx512m -XX:+UseConcMarkSweepGC -XX:+CMSClassUnloadingEnabled 
java_command: <unknown>
Launcher Type: generic

Environment Variables:
PATH=C:/CooCox/CoIDE_V2Beta/jre/bin/client;C:/CooCox/CoIDE_V2Beta/jre/bin;C:/CooCox/CoIDE_V2Beta/jre/lib/i386;C:\Program Files (x86)\Intel\iCLS Client\;C:\Program Files\Intel\iCLS Client\;C:\Windows\system32;C:\Windows;C:\Windows\System32\Wbem;C:\Windows\System32\WindowsPowerShell\v1.0\;C:\Program Files\Intel\Intel(R) Management Engine Components\DAL;C:\Program Files\Intel\Intel(R) Management Engine Components\IPT;C:\Program Files (x86)\Intel\Intel(R) Management Engine Components\DAL;C:\Program Files (x86)\Intel\Intel(R) Management Engine Components\IPT;C:\Program Files (x86)\NVIDIA Corporation\PhysX\Common;C:\CooCox\CoIDE_V2Beta\gcc\bin;C:\CooCox\CoIDE_V2Beta\bin;C:\Program Files (x86)\Windows Kits\8.1\Windows Performance Toolkit\;C:\Program Files\Microsoft SQL Server\110\Tools\Binn\;;C:\Ruby200-x64\bin;C:\Git\bin;C:\MinGW\bin;C:\Users\susan_000\Desktop\SWD-for-ARM-Cortex-M4;
USERNAME=Unknown
OS=Windows_NT
PROCESSOR_IDENTIFIER=Intel64 Family 6 Model 60 Stepping 3, GenuineIntel



---------------  S Y S T E M  ---------------

OS: Windows 8 , 64 bit Build 9200 

CPU:total 8 (4 cores per cpu, 2 threads per core) family 6 model 60 stepping 3, cmov, cx8, fxsr, mmx, sse, sse2, sse3, ssse3, sse4.1, sse4.2, popcnt, avx, avx2, aes, erms, ht, tsc, tscinvbit

Memory: 4k page, physical 8294180k(5136412k free), swap 16682788k(12163552k free)

vm_info: Java HotSpot(TM) Client VM (24.71-b01) for windows-x86 JRE (1.7.0_71-b14), built on Sep 26 2014 16:30:49 by "java_re" with unknown MS VC++:1600

time: Fri Jul 17 16:45:22 2015
elapsed time: 442 seconds

